# JRE version: OpenJDK Runtime Environment Temurin-17.0.2+8 (17.0.2+8) (build 17.0.2+8)
# Java VM: OpenJDK 64-Bit Server VM Temurin-17.0.2+8 (17.0.2+8, mixed mode, tiered, compressed oops, compressed class ptrs, parallel gc, windows-amd64)
GC Precious Log:
 CPUs: 8 total, 8 available
 Memory: 16218M
 Large Page Support: Disabled
 NUMA Support: Disabled
 Compressed Oops: Enabled (32-bit)
 Alignments: Space 512K, Generation 512K, Heap 2M
 Heap Min Capacity: 100M
 Heap Initial Capacity: 100M
 Heap Max Capacity: 1G
 Pre-touch: Disabled
 Parallel Workers: 8
Heap:
 PSYoungGen      total 24576K, used 24341K [0x00000000eab00000, 0x00000000ec580000, 0x0000000100000000)
  eden space 22016K, 100% used [0x00000000eab00000,0x00000000ec080000,0x00000000ec080000)
  from space 2560K, 90% used [0x00000000ec300000,0x00000000ec545510,0x00000000ec580000)
  to   space 2560K, 0% used [0x00000000ec080000,0x00000000ec080000,0x00000000ec300000)
 ParOldGen       total 91136K, used 89739K [0x00000000c0000000, 0x00000000c5900000, 0x00000000eab00000)
  object space 91136K, 98% used [0x00000000c0000000,0x00000000c57a2eb8,0x00000000c5900000)
 Metaspace       used 58843K, committed 59776K, reserved 1105920K
  class space    used 6263K, committed 6656K, reserved 1048576K
GC Heap History (20 events):
Event: 4.463 GC heap before
{Heap before GC invocations=15 (full 2):
 PSYoungGen      total 26624K, used 26590K [0x00000000eab00000, 0x00000000ecb00000, 0x0000000100000000)
  eden space 22016K, 100% used [0x00000000eab00000,0x00000000ec080000,0x00000000ec080000)
  from space 4608K, 99% used [0x00000000ec680000,0x00000000ecaf7b78,0x00000000ecb00000)
  to   space 5120K, 0% used [0x00000000ec100000,0x00000000ec100000,0x00000000ec600000)
 ParOldGen       total 68608K, used 28719K [0x00000000c0000000, 0x00000000c4300000, 0x00000000eab00000)
  object space 68608K, 41% used [0x00000000c0000000,0x00000000c1c0bca8,0x00000000c4300000)
 Metaspace       used 49302K, committed 50112K, reserved 1097728K
  class space    used 5341K, committed 5696K, reserved 1048576K
}
Event: 4.468 GC heap after
{Heap after GC invocations=15 (full 2):
 PSYoungGen      total 25088K, used 2898K [0x00000000eab00000, 0x00000000ec780000, 0x0000000100000000)
  eden space 22016K, 0% used [0x00000000eab00000,0x00000000eab00000,0x00000000ec080000)
  from space 3072K, 94% used [0x00000000ec100000,0x00000000ec3d4808,0x00000000ec400000)
  to   space 3584K, 0% used [0x00000000ec400000,0x00000000ec400000,0x00000000ec780000)
 ParOldGen       total 68608K, used 33106K [0x00000000c0000000, 0x00000000c4300000, 0x00000000eab00000)
  object space 68608K, 48% used [0x00000000c0000000,0x00000000c2054880,0x00000000c4300000)
 Metaspace       used 49302K, committed 50112K, reserved 1097728K
  class space    used 5341K, committed 5696K, reserved 1048576K
}
Event: 4.688 GC heap before
{Heap before GC invocations=16 (full 2):
 PSYoungGen      total 25088K, used 24914K [0x00000000eab00000, 0x00000000ec780000, 0x0000000100000000)
  eden space 22016K, 100% used [0x00000000eab00000,0x00000000ec080000,0x00000000ec080000)
  from space 3072K, 94% used [0x00000000ec100000,0x00000000ec3d4808,0x00000000ec400000)
  to   space 3584K, 0% used [0x00000000ec400000,0x00000000ec400000,0x00000000ec780000)
 ParOldGen       total 68608K, used 33106K [0x00000000c0000000, 0x00000000c4300000, 0x00000000eab00000)
  object space 68608K, 48% used [0x00000000c0000000,0x00000000c2054880,0x00000000c4300000)
 Metaspace       used 51602K, committed 52416K, reserved 1097728K
  class space    used 5572K, committed 5952K, reserved 1048576K
}
Event: 4.693 GC heap after
{Heap after GC invocations=16 (full 2):
 PSYoungGen      total 23552K, used 1336K [0x00000000eab00000, 0x00000000ec580000, 0x0000000100000000)
  eden space 22016K, 0% used [0x00000000eab00000,0x00000000eab00000,0x00000000ec080000)
  from space 1536K, 87% used [0x00000000ec400000,0x00000000ec54e300,0x00000000ec580000)
  to   space 2048K, 0% used [0x00000000ec180000,0x00000000ec180000,0x00000000ec380000)
 ParOldGen       total 68608K, used 35851K [0x00000000c0000000, 0x00000000c4300000, 0x00000000eab00000)
  object space 68608K, 52% used [0x00000000c0000000,0x00000000c2302c68,0x00000000c4300000)
 Metaspace       used 51602K, committed 52416K, reserved 1097728K
  class space    used 5572K, committed 5952K, reserved 1048576K
}
Event: 5.088 GC heap before
{Heap before GC invocations=17 (full 2):
 PSYoungGen      total 23552K, used 23352K [0x00000000eab00000, 0x00000000ec580000, 0x0000000100000000)
  eden space 22016K, 100% used [0x00000000eab00000,0x00000000ec080000,0x00000000ec080000)
  from space 1536K, 87% used [0x00000000ec400000,0x00000000ec54e300,0x00000000ec580000)
  to   space 2048K, 0% used [0x00000000ec180000,0x00000000ec180000,0x00000000ec380000)
 ParOldGen       total 68608K, used 35851K [0x00000000c0000000, 0x00000000c4300000, 0x00000000eab00000)
  object space 68608K, 52% used [0x00000000c0000000,0x00000000c2302c68,0x00000000c4300000)
 Metaspace       used 52657K, committed 53440K, reserved 1097728K
  class space    used 5685K, committed 6080K, reserved 1048576K
}
Event: 5.091 GC heap after
{Heap after GC invocations=17 (full 2):
 PSYoungGen      total 24064K, used 2018K [0x00000000eab00000, 0x00000000ec880000, 0x0000000100000000)
  eden space 22016K, 0% used [0x00000000eab00000,0x00000000eab00000,0x00000000ec080000)
  from space 2048K, 98% used [0x00000000ec180000,0x00000000ec378818,0x00000000ec380000)
  to   space 4096K, 0% used [0x00000000ec480000,0x00000000ec480000,0x00000000ec880000)
 ParOldGen       total 68608K, used 37280K [0x00000000c0000000, 0x00000000c4300000, 0x00000000eab00000)
  object space 68608K, 54% used [0x00000000c0000000,0x00000000c24682e8,0x00000000c4300000)
 Metaspace       used 52657K, committed 53440K, reserved 1097728K
  class space    used 5685K, committed 6080K, reserved 1048576K
}
Event: 5.503 GC heap before
{Heap before GC invocations=18 (full 2):
 PSYoungGen      total 24064K, used 24034K [0x00000000eab00000, 0x00000000ec880000, 0x0000000100000000)
  eden space 22016K, 100% used [0x00000000eab00000,0x00000000ec080000,0x00000000ec080000)
  from space 2048K, 98% used [0x00000000ec180000,0x00000000ec378818,0x00000000ec380000)
  to   space 4096K, 0% used [0x00000000ec480000,0x00000000ec480000,0x00000000ec880000)
 ParOldGen       total 68608K, used 37280K [0x00000000c0000000, 0x00000000c4300000, 0x00000000eab00000)
  object space 68608K, 54% used [0x00000000c0000000,0x00000000c24682e8,0x00000000c4300000)
 Metaspace       used 54131K, committed 54912K, reserved 1097728K
  class space    used 5852K, committed 6208K, reserved 1048576K
}
Event: 5.506 GC heap after
{Heap after GC invocations=18 (full 2):
 PSYoungGen      total 24064K, used 1854K [0x00000000eab00000, 0x00000000ec680000, 0x0000000100000000)
  eden space 22016K, 0% used [0x00000000eab00000,0x00000000eab00000,0x00000000ec080000)
  from space 2048K, 90% used [0x00000000ec480000,0x00000000ec64fab0,0x00000000ec680000)
  to   space 2560K, 0% used [0x00000000ec180000,0x00000000ec180000,0x00000000ec400000)
 ParOldGen       total 68608K, used 38508K [0x00000000c0000000, 0x00000000c4300000, 0x00000000eab00000)
  object space 68608K, 56% used [0x00000000c0000000,0x00000000c259b328,0x00000000c4300000)
 Metaspace       used 54131K, committed 54912K, reserved 1097728K
  class space    used 5852K, committed 6208K, reserved 1048576K
}
Event: 5.568 GC heap before
{Heap before GC invocations=19 (full 2):
 PSYoungGen      total 24064K, used 23870K [0x00000000eab00000, 0x00000000ec680000, 0x0000000100000000)
  eden space 22016K, 100% used [0x00000000eab00000,0x00000000ec080000,0x00000000ec080000)
  from space 2048K, 90% used [0x00000000ec480000,0x00000000ec64fab0,0x00000000ec680000)
  to   space 2560K, 0% used [0x00000000ec180000,0x00000000ec180000,0x00000000ec400000)
 ParOldGen       total 68608K, used 38508K [0x00000000c0000000, 0x00000000c4300000, 0x00000000eab00000)
  object space 68608K, 56% used [0x00000000c0000000,0x00000000c259b328,0x00000000c4300000)
 Metaspace       used 54159K, committed 54976K, reserved 1097728K
  class space    used 5853K, committed 6208K, reserved 1048576K
}
Event: 5.570 GC heap after
{Heap after GC invocations=19 (full 2):
 PSYoungGen      total 23040K, used 864K [0x00000000eab00000, 0x00000000ec500000, 0x0000000100000000)
  eden space 22016K, 0% used [0x00000000eab00000,0x00000000eab00000,0x00000000ec080000)
  from space 1024K, 84% used [0x00000000ec180000,0x00000000ec258000,0x00000000ec280000)
  to   space 1536K, 0% used [0x00000000ec380000,0x00000000ec380000,0x00000000ec500000)
 ParOldGen       total 68608K, used 39721K [0x00000000c0000000, 0x00000000c4300000, 0x00000000eab00000)
  object space 68608K, 57% used [0x00000000c0000000,0x00000000c26ca638,0x00000000c4300000)
 Metaspace       used 54159K, committed 54976K, reserved 1097728K
  class space    used 5853K, committed 6208K, reserved 1048576K
}
Event: 5.643 GC heap before
{Heap before GC invocations=20 (full 2):
 PSYoungGen      total 23040K, used 22879K [0x00000000eab00000, 0x00000000ec500000, 0x0000000100000000)
  eden space 22016K, 99% used [0x00000000eab00000,0x00000000ec07ffb0,0x00000000ec080000)
  from space 1024K, 84% used [0x00000000ec180000,0x00000000ec258000,0x00000000ec280000)
  to   space 1536K, 0% used [0x00000000ec380000,0x00000000ec380000,0x00000000ec500000)
 ParOldGen       total 68608K, used 39721K [0x00000000c0000000, 0x00000000c4300000, 0x00000000eab00000)
  object space 68608K, 57% used [0x00000000c0000000,0x00000000c26ca638,0x00000000c4300000)
 Metaspace       used 54187K, committed 55040K, reserved 1097728K
  class space    used 5858K, committed 6272K, reserved 1048576K
}
Event: 5.644 GC heap after
{Heap after GC invocations=20 (full 2):
 PSYoungGen      total 23552K, used 1040K [0x00000000eab00000, 0x00000000ec500000, 0x0000000100000000)
  eden space 22016K, 0% used [0x00000000eab00000,0x00000000eab00000,0x00000000ec080000)
  from space 1536K, 67% used [0x00000000ec380000,0x00000000ec484010,0x00000000ec500000)
  to   space 1536K, 0% used [0x00000000ec200000,0x00000000ec200000,0x00000000ec380000)
 ParOldGen       total 68608K, used 40167K [0x00000000c0000000, 0x00000000c4300000, 0x00000000eab00000)
  object space 68608K, 58% used [0x00000000c0000000,0x00000000c2739dd8,0x00000000c4300000)
 Metaspace       used 54187K, committed 55040K, reserved 1097728K
  class space    used 5858K, committed 6272K, reserved 1048576K
}
Event: 5.777 GC heap before
{Heap before GC invocations=21 (full 2):
 PSYoungGen      total 23552K, used 23056K [0x00000000eab00000, 0x00000000ec500000, 0x0000000100000000)
  eden space 22016K, 100% used [0x00000000eab00000,0x00000000ec080000,0x00000000ec080000)
  from space 1536K, 67% used [0x00000000ec380000,0x00000000ec484010,0x00000000ec500000)
  to   space 1536K, 0% used [0x00000000ec200000,0x00000000ec200000,0x00000000ec380000)
 ParOldGen       total 68608K, used 40167K [0x00000000c0000000, 0x00000000c4300000, 0x00000000eab00000)
  object space 68608K, 58% used [0x00000000c0000000,0x00000000c2739dd8,0x00000000c4300000)
 Metaspace       used 54316K, committed 55168K, reserved 1105920K
  class space    used 5870K, committed 6272K, reserved 1048576K
}
Event: 5.779 GC heap after
{Heap after GC invocations=21 (full 2):
 PSYoungGen      total 23552K, used 1504K [0x00000000eab00000, 0x00000000ec780000, 0x0000000100000000)
  eden space 22016K, 0% used [0x00000000eab00000,0x00000000eab00000,0x00000000ec080000)
  from space 1536K, 97% used [0x00000000ec200000,0x00000000ec3783b8,0x00000000ec380000)
  to   space 3584K, 0% used [0x00000000ec400000,0x00000000ec400000,0x00000000ec780000)
 ParOldGen       total 68608K, used 41747K [0x00000000c0000000, 0x00000000c4300000, 0x00000000eab00000)
  object space 68608K, 60% used [0x00000000c0000000,0x00000000c28c4ff8,0x00000000c4300000)
 Metaspace       used 54316K, committed 55168K, reserved 1105920K
  class space    used 5870K, committed 6272K, reserved 1048576K
}
Event: 6.005 GC heap before
{Heap before GC invocations=22 (full 2):
 PSYoungGen      total 23552K, used 23251K [0x00000000eab00000, 0x00000000ec780000, 0x0000000100000000)
  eden space 22016K, 98% used [0x00000000eab00000,0x00000000ec03c848,0x00000000ec080000)
  from space 1536K, 97% used [0x00000000ec200000,0x00000000ec3783b8,0x00000000ec380000)
  to   space 3584K, 0% used [0x00000000ec400000,0x00000000ec400000,0x00000000ec780000)
 ParOldGen       total 68608K, used 41747K [0x00000000c0000000, 0x00000000c4300000, 0x00000000eab00000)
  object space 68608K, 60% used [0x00000000c0000000,0x00000000c28c4ff8,0x00000000c4300000)
 Metaspace       used 55132K, committed 56000K, reserved 1105920K
  class space    used 5928K, committed 6336K, reserved 1048576K
}
Event: 6.009 GC heap after
{Heap after GC invocations=22 (full 2):
 PSYoungGen      total 25600K, used 3136K [0x00000000eab00000, 0x00000000ec780000, 0x0000000100000000)
  eden space 22016K, 0% used [0x00000000eab00000,0x00000000eab00000,0x00000000ec080000)
  from space 3584K, 87% used [0x00000000ec400000,0x00000000ec710088,0x00000000ec780000)
  to   space 3584K, 0% used [0x00000000ec080000,0x00000000ec080000,0x00000000ec400000)
 ParOldGen       total 68608K, used 43279K [0x00000000c0000000, 0x00000000c4300000, 0x00000000eab00000)
  object space 68608K, 63% used [0x00000000c0000000,0x00000000c2a43ed8,0x00000000c4300000)
 Metaspace       used 55132K, committed 56000K, reserved 1105920K
  class space    used 5928K, committed 6336K, reserved 1048576K
}
Event: 6.663 GC heap before
{Heap before GC invocations=23 (full 2):
 PSYoungGen      total 25600K, used 25151K [0x00000000eab00000, 0x00000000ec780000, 0x0000000100000000)
  eden space 22016K, 99% used [0x00000000eab00000,0x00000000ec07fe78,0x00000000ec080000)
  from space 3584K, 87% used [0x00000000ec400000,0x00000000ec710088,0x00000000ec780000)
  to   space 3584K, 0% used [0x00000000ec080000,0x00000000ec080000,0x00000000ec400000)
 ParOldGen       total 68608K, used 43279K [0x00000000c0000000, 0x00000000c4300000, 0x00000000eab00000)
  object space 68608K, 63% used [0x00000000c0000000,0x00000000c2a43ed8,0x00000000c4300000)
 Metaspace       used 56170K, committed 57024K, reserved 1105920K
  class space    used 6022K, committed 6400K, reserved 1048576K
}
Event: 6.666 GC heap after
{Heap after GC invocations=23 (full 2):
 PSYoungGen      total 24576K, used 2166K [0x00000000eab00000, 0x00000000ec580000, 0x0000000100000000)
  eden space 22016K, 0% used [0x00000000eab00000,0x00000000eab00000,0x00000000ec080000)
  from space 2560K, 84% used [0x00000000ec080000,0x00000000ec29da88,0x00000000ec300000)
  to   space 2560K, 0% used [0x00000000ec300000,0x00000000ec300000,0x00000000ec580000)
 ParOldGen       total 68608K, used 45239K [0x00000000c0000000, 0x00000000c4300000, 0x00000000eab00000)
  object space 68608K, 65% used [0x00000000c0000000,0x00000000c2c2dd18,0x00000000c4300000)
 Metaspace       used 56170K, committed 57024K, reserved 1105920K
  class space    used 6022K, committed 6400K, reserved 1048576K
}
Event: 6.926 GC heap before
{Heap before GC invocations=24 (full 2):
 PSYoungGen      total 24576K, used 21000K [0x00000000eab00000, 0x00000000ec580000, 0x0000000100000000)
  eden space 22016K, 85% used [0x00000000eab00000,0x00000000ebd647c8,0x00000000ec080000)
  from space 2560K, 84% used [0x00000000ec080000,0x00000000ec29da88,0x00000000ec300000)
  to   space 2560K, 0% used [0x00000000ec300000,0x00000000ec300000,0x00000000ec580000)
 ParOldGen       total 68608K, used 45239K [0x00000000c0000000, 0x00000000c4300000, 0x00000000eab00000)
  object space 68608K, 65% used [0x00000000c0000000,0x00000000c2c2dd18,0x00000000c4300000)
 Metaspace       used 58459K, committed 59392K, reserved 1105920K
  class space    used 6217K, committed 6592K, reserved 1048576K
}
Event: 6.931 GC heap after
{Heap after GC invocations=24 (full 2):
 PSYoungGen      total 24576K, used 2325K [0x00000000eab00000, 0x00000000ec580000, 0x0000000100000000)
  eden space 22016K, 0% used [0x00000000eab00000,0x00000000eab00000,0x00000000ec080000)
  from space 2560K, 90% used [0x00000000ec300000,0x00000000ec545510,0x00000000ec580000)
  to   space 2560K, 0% used [0x00000000ec080000,0x00000000ec080000,0x00000000ec300000)
 ParOldGen       total 68608K, used 52400K [0x00000000c0000000, 0x00000000c4300000, 0x00000000eab00000)
  object space 68608K, 76% used [0x00000000c0000000,0x00000000c332c368,0x00000000c4300000)
 Metaspace       used 58459K, committed 59392K, reserved 1105920K
  class space    used 6217K, committed 6592K, reserved 1048576K
}

